To honour the JVM settings for this build a single-use Daemon process will be forked. For more on this, please refer to https://docs.gradle.org/8.10.2/userguide/gradle_daemon.html#sec:disabling_the_daemon in the Gradle documentation.
Daemon will be stopped at the end of the build 

> Configure project :app
Checking the license for package NDK (Side by side) 27.0.12077973 in /home/codespace/Android/Sdk/licenses
Warning: License for package NDK (Side by side) 27.0.12077973 not accepted.

FAILURE: Build failed with an exception.

* What went wrong:
A problem occurred configuring project ':app'.
> com.android.builder.sdk.LicenceNotAcceptedException: Failed to install the following Android SDK packages as some licences have not been accepted.
     ndk;27.0.12077973 NDK (Side by side) 27.0.12077973
  To build this project, accept the SDK license agreements and install the missing components using the Android Studio SDK Manager.
  All licenses can be accepted using the sdkmanager command line tool:
  sdkmanager.bat --licenses
  Or, to transfer the license agreements from one workstation to another, see https://developer.android.com/studio/intro/update.html#download-with-gradle
  
  Using Android SDK: /home/codespace/Android/Sdk

* Try:
> Run with --stacktrace option to get the stack trace.
> Run with --info or --debug option to get more log output.
> Run with --scan to get full insights.
> Get more help at https://help.gradle.org.

BUILD FAILED in 8s
